TN:
SF:/home/xfire/IOT_node/platziverse-db/index.js
FN:10,(anonymous_0)
FNF:1
FNH:1
FNDA:14,(anonymous_0)
DA:3,14
DA:4,14
DA:5,14
DA:6,14
DA:7,14
DA:8,14
DA:10,14
DA:11,14
DA:22,14
DA:23,14
DA:24,14
DA:26,14
DA:27,14
DA:29,14
DA:31,14
DA:32,0
DA:35,14
DA:36,14
DA:38,14
LF:19
LH:18
BRDA:31,0,0,0
BRDA:31,0,1,14
BRF:2
BRH:1
end_of_record
TN:
SF:/home/xfire/IOT_node/platziverse-db/lib/agent.js
FN:3,setupAgent
FN:4,createOrUpdate
FN:22,findById
FN:26,findByUuid
FN:34,findAll
FN:38,findConnected
FN:46,findByUsername
FNF:7
FNH:7
FNDA:14,setupAgent
FNDA:2,createOrUpdate
FNDA:1,findById
FNDA:1,findByUuid
FNDA:1,findAll
FNDA:1,findConnected
FNDA:1,findByUsername
DA:3,2
DA:5,2
DA:11,2
DA:13,2
DA:14,1
DA:15,1
DA:18,1
DA:19,1
DA:23,1
DA:27,1
DA:35,1
DA:39,1
DA:47,1
DA:55,14
LF:14
LH:14
BRDA:13,0,0,1
BRDA:13,0,1,1
BRDA:15,1,0,1
BRDA:15,1,1,0
BRF:4
BRH:3
end_of_record
TN:
SF:/home/xfire/IOT_node/platziverse-db/lib/db.js
FN:6,setupDatabase
FNF:1
FNH:1
FNDA:14,setupDatabase
DA:3,2
DA:4,2
DA:6,2
DA:7,14
DA:8,14
LF:5
LH:5
BRDA:7,0,0,2
BRDA:7,0,1,12
BRF:2
BRH:2
end_of_record
TN:
SF:/home/xfire/IOT_node/platziverse-db/lib/metric.js
FN:3,setupMetric
FN:4,findByAgentUuid
FN:17,findByTypeAgentUuid
FN:32,create
FNF:4
FNH:4
FNDA:14,setupMetric
FNDA:1,findByAgentUuid
FNDA:1,findByTypeAgentUuid
FNDA:1,create
DA:3,2
DA:5,1
DA:18,1
DA:33,1
DA:37,1
DA:38,1
DA:39,1
DA:40,1
DA:43,14
LF:9
LH:9
BRDA:37,0,0,1
BRDA:37,0,1,0
BRF:2
BRH:1
end_of_record
TN:
SF:/home/xfire/IOT_node/platziverse-db/models/agent.js
FN:6,setupAgentModel
FNF:1
FNH:0
FNDA:0,setupAgentModel
DA:3,2
DA:4,2
DA:6,2
DA:7,0
DA:9,0
LF:5
LH:3
BRF:0
BRH:0
end_of_record
TN:
SF:/home/xfire/IOT_node/platziverse-db/models/metric.js
FN:6,setupMetricModel
FNF:1
FNH:0
FNDA:0,setupMetricModel
DA:3,2
DA:4,2
DA:6,2
DA:7,0
DA:9,0
LF:5
LH:3
BRF:0
BRH:0
end_of_record
TN:
SF:/home/xfire/IOT_node/platziverse-db/tests/fixtures/agent.js
FN:22,extend
FN:30,(anonymous_1)
FN:31,(anonymous_2)
FN:32,(anonymous_3)
FN:32,(anonymous_4)
FN:33,(anonymous_5)
FN:33,(anonymous_6)
FNF:7
FNH:7
FNDA:6,extend
FNDA:8,(anonymous_1)
FNDA:8,(anonymous_2)
FNDA:15,(anonymous_3)
FNDA:60,(anonymous_4)
FNDA:12,(anonymous_5)
FNDA:48,(anonymous_6)
DA:3,2
DA:15,2
DA:23,6
DA:24,6
DA:27,2
DA:30,8
DA:31,8
DA:32,60
DA:33,48
LF:9
LH:9
BRF:0
BRH:0
end_of_record
TN:
SF:/home/xfire/IOT_node/platziverse-db/tests/fixtures/metric.js
FN:24,findByAgentUuid
FN:25,(anonymous_1)
FN:25,(anonymous_2)
FN:34,findByTypeAgentUuid
FN:35,(anonymous_4)
FN:35,(anonymous_5)
FNF:6
FNH:6
FNDA:6,findByAgentUuid
FNDA:24,(anonymous_1)
FNDA:18,(anonymous_2)
FNDA:6,findByTypeAgentUuid
FNDA:24,(anonymous_4)
FNDA:18,(anonymous_5)
DA:3,1
DA:4,1
DA:6,1
DA:8,1
DA:17,1
DA:25,24
DA:26,18
DA:28,18
DA:30,18
DA:35,24
DA:36,18
DA:38,18
DA:39,18
DA:41,18
DA:45,1
LF:15
LH:15
BRDA:25,0,0,24
BRDA:25,0,1,0
BRDA:35,1,0,24
BRDA:35,1,1,18
BRDA:35,2,0,18
BRDA:35,2,1,0
BRF:6
BRH:4
end_of_record
TN:
SF:/home/xfire/IOT_node/platziverse-db/tests/fixtures/utils.js
FN:4,extend
FN:9,sortBy
FN:10,(anonymous_2)
FNF:3
FNH:3
FNDA:3,extend
FNDA:6,sortBy
FNDA:12,(anonymous_2)
DA:5,3
DA:6,3
DA:10,6
DA:11,12
DA:12,12
DA:14,12
DA:15,0
DA:16,12
DA:17,0
DA:19,12
DA:24,1
LF:11
LH:9
BRDA:14,0,0,0
BRDA:14,0,1,12
BRDA:16,1,0,0
BRDA:16,1,1,12
BRF:4
BRH:2
end_of_record
